{}
{}
{}
{}
{}
{}
{}
{}
{}
{}
{}
{}
{}
{}
{}
{}
{}
{}
{}
{}
{}
{}
{}
{}
{}
{}
{}
{}
{}
{}
{}
{}
{}
{}
{}
{}
{}
{}
{}
{}
{}
{}
{}
{}
{}
{}
{}
{}
{}
{}
{}
{}
{}
{}
{}
{}
{}
{}
{}
{}
{}
{}
{}
{}
{}
{}
{}
{}
{}
{}
{}
{}
{}
{}
{}
{}
{}
{}
{}
{}
{}
{}
{}
{}
{}
{}
{}
{}
{}
{}
{}
{}
{}
{}
{}
{}
{}
{}
{}
{}
{}
{}
{}
{}
{}
{}
{}
{}
{}
{}
{}
{}
{}
{}
{}
{}
{}
{}
{}
{}
{}
{}
{}
{}
{}
{}
{}
{}
{}
{}
{"message": "Watching for file changes with StatReloader", "timestamp": "2023-09-11T14:11:52.670403+00:00", "level": "INFO", "context": {}, "django": {"app": "borgia", "name": "django.utils.autoreload", "filename": "autoreload.py", "funcName": "run_with_reloader", "msecs": 670.0}}
{"message": "Compiled 'less/_bootstrap-light.less' to 'COMPILED/less/_bootstrap-light.css'", "timestamp": "2023-09-11T14:11:56.661531+00:00", "level": "INFO", "context": {}, "django": {"app": "borgia", "name": "root", "filename": "base.py", "funcName": "compile", "msecs": 661.0}}
{"message": "Compiled 'less/_bootstrap-dark.less' to 'COMPILED/less/_bootstrap-dark.css'", "timestamp": "2023-09-11T14:12:05.785963+00:00", "level": "INFO", "context": {}, "django": {"app": "borgia", "name": "root", "filename": "base.py", "funcName": "compile", "msecs": 785.0}}
{"message": "/borgia-app/Borgia/borgia/borgia/mixins.py changed, reloading.", "timestamp": "2023-09-11T14:12:46.742559+00:00", "level": "INFO", "context": {}, "django": {"app": "borgia", "name": "django.utils.autoreload", "filename": "autoreload.py", "funcName": "trigger_reload", "msecs": 741.0}}
{"message": "Watching for file changes with StatReloader", "timestamp": "2023-09-11T14:12:47.429532+00:00", "level": "INFO", "context": {}, "django": {"app": "borgia", "name": "django.utils.autoreload", "filename": "autoreload.py", "funcName": "run_with_reloader", "msecs": 429.0}}
{"message": "/borgia-app/Borgia/borgia/borgia/urls.py changed, reloading.", "timestamp": "2023-09-11T14:12:51.650988+00:00", "level": "INFO", "context": {}, "django": {"app": "borgia", "name": "django.utils.autoreload", "filename": "autoreload.py", "funcName": "trigger_reload", "msecs": 650.0}}
{"message": "Watching for file changes with StatReloader", "timestamp": "2023-09-11T14:12:52.206446+00:00", "level": "INFO", "context": {}, "django": {"app": "borgia", "name": "django.utils.autoreload", "filename": "autoreload.py", "funcName": "run_with_reloader", "msecs": 206.0}}
{"message": "/borgia-app/Borgia/borgia/borgia/utils.py changed, reloading.", "timestamp": "2023-09-11T14:12:59.517871+00:00", "level": "INFO", "context": {}, "django": {"app": "borgia", "name": "django.utils.autoreload", "filename": "autoreload.py", "funcName": "trigger_reload", "msecs": 517.0}}
{"message": "Watching for file changes with StatReloader", "timestamp": "2023-09-11T14:13:00.084028+00:00", "level": "INFO", "context": {}, "django": {"app": "borgia", "name": "django.utils.autoreload", "filename": "autoreload.py", "funcName": "run_with_reloader", "msecs": 83.0}}
{"message": "/borgia-app/Borgia/borgia/borgia/validators.py changed, reloading.", "timestamp": "2023-09-11T14:13:02.162495+00:00", "level": "INFO", "context": {}, "django": {"app": "borgia", "name": "django.utils.autoreload", "filename": "autoreload.py", "funcName": "trigger_reload", "msecs": 161.0}}
{"message": "Watching for file changes with StatReloader", "timestamp": "2023-09-11T14:13:02.696112+00:00", "level": "INFO", "context": {}, "django": {"app": "borgia", "name": "django.utils.autoreload", "filename": "autoreload.py", "funcName": "run_with_reloader", "msecs": 695.0}}
{"message": "Watching for file changes with StatReloader", "timestamp": "2023-09-11T14:15:56.437006+00:00", "level": "INFO", "context": {}, "django": {"app": "borgia", "name": "django.utils.autoreload", "filename": "autoreload.py", "funcName": "run_with_reloader", "msecs": 436.0}}
{"message": "/borgia-app/Borgia/borgia/events/views.py changed, reloading.", "timestamp": "2023-09-11T14:16:56.314705+00:00", "level": "INFO", "context": {}, "django": {"app": "borgia", "name": "django.utils.autoreload", "filename": "autoreload.py", "funcName": "trigger_reload", "msecs": 313.0}}
{"message": "Watching for file changes with StatReloader", "timestamp": "2023-09-11T14:16:56.922250+00:00", "level": "INFO", "context": {}, "django": {"app": "borgia", "name": "django.utils.autoreload", "filename": "autoreload.py", "funcName": "run_with_reloader", "msecs": 921.0}}
{"message": "/borgia-app/Borgia/borgia/events/urls.py changed, reloading.", "timestamp": "2023-09-11T14:17:01.083515+00:00", "level": "INFO", "context": {}, "django": {"app": "borgia", "name": "django.utils.autoreload", "filename": "autoreload.py", "funcName": "trigger_reload", "msecs": 83.0}}
{"message": "Watching for file changes with StatReloader", "timestamp": "2023-09-11T14:17:01.671254+00:00", "level": "INFO", "context": {}, "django": {"app": "borgia", "name": "django.utils.autoreload", "filename": "autoreload.py", "funcName": "run_with_reloader", "msecs": 670.0}}
{"message": "/borgia-app/Borgia/borgia/events/models.py changed, reloading.", "timestamp": "2023-09-11T14:17:06.852593+00:00", "level": "INFO", "context": {}, "django": {"app": "borgia", "name": "django.utils.autoreload", "filename": "autoreload.py", "funcName": "trigger_reload", "msecs": 852.0}}
{"message": "Watching for file changes with StatReloader", "timestamp": "2023-09-11T14:17:07.384740+00:00", "level": "INFO", "context": {}, "django": {"app": "borgia", "name": "django.utils.autoreload", "filename": "autoreload.py", "funcName": "run_with_reloader", "msecs": 383.0}}
{"message": "/borgia-app/Borgia/borgia/finances/views.py changed, reloading.", "timestamp": "2023-09-11T14:17:30.285845+00:00", "level": "INFO", "context": {}, "django": {"app": "borgia", "name": "django.utils.autoreload", "filename": "autoreload.py", "funcName": "trigger_reload", "msecs": 285.0}}
{"message": "Watching for file changes with StatReloader", "timestamp": "2023-09-11T14:17:30.828380+00:00", "level": "INFO", "context": {}, "django": {"app": "borgia", "name": "django.utils.autoreload", "filename": "autoreload.py", "funcName": "run_with_reloader", "msecs": 828.0}}
{"message": "/borgia-app/Borgia/borgia/finances/models.py changed, reloading.", "timestamp": "2023-09-11T14:17:41.314760+00:00", "level": "INFO", "context": {}, "django": {"app": "borgia", "name": "django.utils.autoreload", "filename": "autoreload.py", "funcName": "trigger_reload", "msecs": 314.0}}
{"message": "Watching for file changes with StatReloader", "timestamp": "2023-09-11T14:17:41.877423+00:00", "level": "INFO", "context": {}, "django": {"app": "borgia", "name": "django.utils.autoreload", "filename": "autoreload.py", "funcName": "run_with_reloader", "msecs": 877.0}}
{"message": "/borgia-app/Borgia/borgia/finances/forms.py changed, reloading.", "timestamp": "2023-09-11T14:17:45.023894+00:00", "level": "INFO", "context": {}, "django": {"app": "borgia", "name": "django.utils.autoreload", "filename": "autoreload.py", "funcName": "trigger_reload", "msecs": 23.0}}
{"message": "Watching for file changes with StatReloader", "timestamp": "2023-09-11T14:17:45.569671+00:00", "level": "INFO", "context": {}, "django": {"app": "borgia", "name": "django.utils.autoreload", "filename": "autoreload.py", "funcName": "run_with_reloader", "msecs": 569.0}}
{"message": "/borgia-app/Borgia/borgia/modules/views.py changed, reloading.", "timestamp": "2023-09-11T14:18:50.325004+00:00", "level": "INFO", "context": {}, "django": {"app": "borgia", "name": "django.utils.autoreload", "filename": "autoreload.py", "funcName": "trigger_reload", "msecs": 324.0}}
{"message": "Watching for file changes with StatReloader", "timestamp": "2023-09-11T14:18:50.889892+00:00", "level": "INFO", "context": {}, "django": {"app": "borgia", "name": "django.utils.autoreload", "filename": "autoreload.py", "funcName": "run_with_reloader", "msecs": 889.0}}
{"message": "/borgia-app/Borgia/borgia/modules/models.py changed, reloading.", "timestamp": "2023-09-11T14:18:58.163061+00:00", "level": "INFO", "context": {}, "django": {"app": "borgia", "name": "django.utils.autoreload", "filename": "autoreload.py", "funcName": "trigger_reload", "msecs": 162.0}}
{"message": "Watching for file changes with StatReloader", "timestamp": "2023-09-11T14:18:58.705015+00:00", "level": "INFO", "context": {}, "django": {"app": "borgia", "name": "django.utils.autoreload", "filename": "autoreload.py", "funcName": "run_with_reloader", "msecs": 704.0}}
{"message": "/borgia-app/Borgia/borgia/modules/mixins.py changed, reloading.", "timestamp": "2023-09-11T14:19:03.879556+00:00", "level": "INFO", "context": {}, "django": {"app": "borgia", "name": "django.utils.autoreload", "filename": "autoreload.py", "funcName": "trigger_reload", "msecs": 879.0}}
{"message": "Watching for file changes with StatReloader", "timestamp": "2023-09-11T14:19:04.470830+00:00", "level": "INFO", "context": {}, "django": {"app": "borgia", "name": "django.utils.autoreload", "filename": "autoreload.py", "funcName": "run_with_reloader", "msecs": 470.0}}
{"message": "/borgia-app/Borgia/borgia/modules/admin.py changed, reloading.", "timestamp": "2023-09-11T14:19:10.686752+00:00", "level": "INFO", "context": {}, "django": {"app": "borgia", "name": "django.utils.autoreload", "filename": "autoreload.py", "funcName": "trigger_reload", "msecs": 686.0}}
{"message": "Watching for file changes with StatReloader", "timestamp": "2023-09-11T14:19:11.222100+00:00", "level": "INFO", "context": {}, "django": {"app": "borgia", "name": "django.utils.autoreload", "filename": "autoreload.py", "funcName": "run_with_reloader", "msecs": 221.0}}
{"message": "Watching for file changes with StatReloader", "timestamp": "2023-09-11T14:19:24.749783+00:00", "level": "INFO", "context": {}, "django": {"app": "borgia", "name": "django.utils.autoreload", "filename": "autoreload.py", "funcName": "run_with_reloader", "msecs": 749.0}}
{"message": "Watching for file changes with StatReloader", "timestamp": "2023-09-11T14:22:28.734708+00:00", "level": "INFO", "context": {}, "django": {"app": "borgia", "name": "django.utils.autoreload", "filename": "autoreload.py", "funcName": "run_with_reloader", "msecs": 734.0}}
